<?xml version="1.0" encoding="UTF-8"?>
<!-- Generated by org.testng.reporters.JUnitReportReporter -->
<testsuite hostname="WINDOWS-UNR7VLH" failures="0" tests="5" name="testCases.TestCases" time="20.966" errors="0" timestamp="2022-10-27T15:32:52 IST" skipped="0">
  <testcase classname="testCases.TestCases" name="loginTest" time="7.785"/>
  <system-out/>
  <testcase classname="testCases.TestCases" name="locAndNavTest" time="4.943"/>
  <system-out/>
  <testcase classname="testCases.TestCases" name="medicineTest" time="4.921"/>
  <system-out/>
  <testcase classname="testCases.TestCases" name="addProductsTest" time="0.615"/>
  <system-out/>
  <testcase classname="testCases.TestCases" name="viewCartTest" time="2.702"/>
  <system-out/>
</testsuite> <!-- testCases.TestCases -->
