<?xml version="1.0" encoding="UTF-8"?>
<!-- Generated by org.testng.reporters.JUnitReportReporter -->
<testsuite hostname="WINDOWS-UNR7VLH" failures="0" tests="5" name="testCases.LoginTestCases" time="23.105" errors="0" timestamp="2022-10-27T15:02:26 IST" skipped="0">
  <testcase classname="testCases.LoginTestCases" name="loginTest" time="8.368"/>
  <system-out/>
  <testcase classname="testCases.LoginTestCases" name="locAndNavTest" time="5.858"/>
  <system-out/>
  <testcase classname="testCases.LoginTestCases" name="medicineTest" time="5.674"/>
  <system-out/>
  <testcase classname="testCases.LoginTestCases" name="addProductsTest" time="0.433"/>
  <system-out/>
  <testcase classname="testCases.LoginTestCases" name="viewCartTest" time="2.772"/>
  <system-out/>
</testsuite> <!-- testCases.LoginTestCases -->
