<?xml version="1.0" encoding="UTF-8"?>
<!-- Generated by org.testng.reporters.JUnitReportReporter -->
<testsuite hostname="WINDOWS-UNR7VLH" failures="0" tests="5" name="testCases.TestCases" time="29.760" errors="0" timestamp="2022-11-03T16:26:28 IST" skipped="0">
  <testcase classname="testCases.TestCases" name="loginTest" time="10.265"/>
  <system-out/>
  <testcase classname="testCases.TestCases" name="locAndNavTest" time="6.311"/>
  <system-out/>
  <testcase classname="testCases.TestCases" name="medicineTest" time="8.686"/>
  <system-out/>
  <testcase classname="testCases.TestCases" name="addProductsTest" time="0.872"/>
  <system-out/>
  <testcase classname="testCases.TestCases" name="viewCartTest" time="3.626"/>
  <system-out/>
</testsuite> <!-- testCases.TestCases -->
