<?xml version="1.0" encoding="UTF-8"?>
<!-- Generated by org.testng.reporters.JUnitReportReporter -->
<testsuite hostname="WINDOWS-UNR7VLH" failures="0" tests="5" name="testCases.TestCases" time="28.084" errors="0" timestamp="2022-11-03T16:09:00 IST" skipped="0">
  <testcase classname="testCases.TestCases" name="loginTest" time="9.170"/>
  <system-out/>
  <testcase classname="testCases.TestCases" name="locAndNavTest" time="7.133"/>
  <system-out/>
  <testcase classname="testCases.TestCases" name="medicineTest" time="7.809"/>
  <system-out/>
  <testcase classname="testCases.TestCases" name="addProductsTest" time="0.416"/>
  <system-out/>
  <testcase classname="testCases.TestCases" name="viewCartTest" time="3.556"/>
  <system-out/>
</testsuite> <!-- testCases.TestCases -->
